#
# There is insufficient memory for the Java Runtime Environment to continue.
# Native memory allocation (mmap) failed to map 132120576 bytes for G1 virtual space
# Possible reasons:
#   The system is out of physical RAM or swap space
#   The process is running with CompressedOops enabled, and the Java Heap may be blocking the growth of the native heap
# Possible solutions:
#   Reduce memory load on the system
#   Increase physical memory or swap space
#   Check if swap backing store is full
#   Decrease Java heap size (-Xmx/-Xms)
#   Decrease number of Java threads
#   Decrease Java thread stack sizes (-Xss)
#   Set larger code cache with -XX:ReservedCodeCacheSize=
#   JVM is running with Unscaled Compressed Oops mode in which the Java heap is
#     placed in the first 4GB address space. The Java Heap base address is the
#     maximum limit for the native heap growth. Please use -XX:HeapBaseMinAddress
#     to set the Java Heap base and to place the Java Heap above 4GB virtual address.
# This output file may be truncated or incomplete.
#
#  Out of Memory Error (os_windows.cpp:3466), pid=9900, tid=3116
#
# JRE version:  (16.0.2+7) (build )
# Java VM: OpenJDK 64-Bit Server VM (16.0.2+7, mixed mode, sharing, tiered, compressed oops, compressed class ptrs, g1 gc, windows-amd64)
# No core dump will be written. Minidumps are not enabled by default on client versions of Windows
#

---------------  S U M M A R Y ------------

Command Line: -javaagent:C:\Program Files\JetBrains\IntelliJ IDEA Community Edition 2021.3.2\lib\idea_rt.jar=58629:C:\Program Files\JetBrains\IntelliJ IDEA Community Edition 2021.3.2\bin -Dfile.encoding=UTF-8 Exercicio2Kt

Host: Intel(R) Core(TM) i5-7200U CPU @ 2.50GHz, 4 cores, 7G,  Windows 10 , 64 bit Build 19041 (10.0.19041.1503)
Time: Thu Feb 24 14:45:45 2022 Hora oficial do Brasil elapsed time: 0.016724 seconds (0d 0h 0m 0s)

---------------  T H R E A D  ---------------

Current thread (0x000002959ffc4ea0):  JavaThread "Unknown thread" [_thread_in_vm, id=3116, stack(0x000000b8d5100000,0x000000b8d5200000)]

Stack: [0x000000b8d5100000,0x000000b8d5200000]
Native frames: (J=compiled Java code, j=interpreted, Vv=VM code, C=native code)
V  [jvm.dll+0x647e0a]
V  [jvm.dll+0x7f0549]
V  [jvm.dll+0x7f1cfe]
V  [jvm.dll+0x7f2343]
V  [jvm.dll+0x23dd88]
V  [jvm.dll+0x644b4a]
V  [jvm.dll+0x639795]
V  [jvm.dll+0x2f66f9]
V  [jvm.dll+0x2fd516]
V  [jvm.dll+0x34999a]
V  [jvm.dll+0x349bdf]
V  [jvm.dll+0x2cc918]
V  [jvm.dll+0x2cdb49]
V  [jvm.dll+0x7c4431]
V  [jvm.dll+0x356ee1]
V  [jvm.dll+0x7a30b0]
V  [jvm.dll+0x3d4c55]
V  [jvm.dll+0x3d69f1]
C  [jli.dll+0x5243]
C  [ucrtbase.dll+0x21bb2]
C  [KERNEL32.DLL+0x17034]
C  [ntdll.dll+0x52651]


---------------  P R O C E S S  ---------------

Threads class SMR info:
_java_thread_list=0x00007ffae19273d8, length=0, elements={
}

Java Threads: ( => current thread )

Other Threads:
  0x00000295a0004230 GCTaskThread "GC Thread#0" [stack: 0x000000b8d5200000,0x000000b8d5300000] [id=5208]
  0x00000295a0016240 ConcurrentGCThread "G1 Main Marker" [stack: 0x000000b8d5300000,0x000000b8d5400000] [id=11152]
  0x00000295a00174f0 ConcurrentGCThread "G1 Conc#0" [stack: 0x000000b8d5400000,0x000000b8d5500000] [id=1724]

[error occurred during error reporting (printing all threads), id 0xc0000005, EXCEPTION_ACCESS_VIOLATION (0xc0000005) at pc=0x00007ffae109e207]

VM state: not at safepoint (not fully initialized)

VM Mutex/Monitor currently owned by a thread:  ([mutex/lock_event])
[0x000002959ffc0980] Heap_lock - owner thread: 0x000002959ffc4ea0

Heap address: 0x0000000082200000, size: 2014 MB, Compressed Oops mode: 32-bit

CDS archive(s) mapped at: [0x0000000000000000-0x0000000000000000-0x0000000000000000), size 0, SharedBaseAddress: 0x0000000800000000, ArchiveRelocationMode: 0.
Narrow klass base: 0x0000000000000000, Narrow klass shift: 0, Narrow klass range: 0x0

GC Precious Log:
<Empty>

Heap:
 garbage-first heap   total 0K, used 0K [0x0000000082200000, 0x0000000100000000)
  region size 1024K, 0 young (0K), 0 survivors (0K)

[error occurred during error reporting (printing heap information), id 0xc0000005, EXCEPTION_ACCESS_VIOLATION (0xc0000005) at pc=0x00007ffae145ff7d]

GC Heap History (0 events):
No events

Deoptimization events (0 events):
No events

Classes unloaded (0 events):
No events

Classes redefined (0 events):
No events

Internal exceptions (0 events):
No events

Events (1 events):
Event: 0.008 Loaded shared library C:\Users\usuario\.jdks\corretto-16.0.2\bin\java.dll


Dynamic libraries:
0x00007ff736050000 - 0x00007ff73605d000 	C:\Users\usuario\.jdks\corretto-16.0.2\bin\java.exe
0x00007ffb213f0000 - 0x00007ffb215e5000 	C:\Windows\SYSTEM32\ntdll.dll
0x00007ffb20bf0000 - 0x00007ffb20cae000 	C:\Windows\System32\KERNEL32.DLL
0x00007ffb1ef70000 - 0x00007ffb1f238000 	C:\Windows\System32\KERNELBASE.dll
0x00007ffb1f340000 - 0x00007ffb1f440000 	C:\Windows\System32\ucrtbase.dll
0x00007ffb0d0a0000 - 0x00007ffb0d0b8000 	C:\Users\usuario\.jdks\corretto-16.0.2\bin\jli.dll
0x00007ffb0d0c0000 - 0x00007ffb0d0d5000 	C:\Users\usuario\.jdks\corretto-16.0.2\bin\VCRUNTIME140.dll
0x00007ffb20dd0000 - 0x00007ffb20f70000 	C:\Windows\System32\USER32.dll
0x00007ffb1f270000 - 0x00007ffb1f292000 	C:\Windows\System32\win32u.dll
0x00007ffb21160000 - 0x00007ffb2118b000 	C:\Windows\System32\GDI32.dll
0x00007ffb1ed60000 - 0x00007ffb1ee6d000 	C:\Windows\System32\gdi32full.dll
0x00007ffb1dea0000 - 0x00007ffb1e13a000 	C:\Windows\WinSxS\amd64_microsoft.windows.common-controls_6595b64144ccf1df_6.0.19041.1110_none_60b5254171f9507e\COMCTL32.dll
0x00007ffb1f2a0000 - 0x00007ffb1f33d000 	C:\Windows\System32\msvcp_win.dll
0x00007ffb20cb0000 - 0x00007ffb20d4e000 	C:\Windows\System32\msvcrt.dll
0x00007ffb20bc0000 - 0x00007ffb20bf0000 	C:\Windows\System32\IMM32.DLL
0x00007ffaee6f0000 - 0x00007ffaee78b000 	C:\Users\usuario\.jdks\corretto-16.0.2\bin\msvcp140.dll
0x00007ffae0dc0000 - 0x00007ffae19c9000 	C:\Users\usuario\.jdks\corretto-16.0.2\bin\server\jvm.dll
0x00007ffb1f9b0000 - 0x00007ffb1fa5e000 	C:\Windows\System32\ADVAPI32.dll
0x00007ffb21040000 - 0x00007ffb210dc000 	C:\Windows\System32\sechost.dll
0x00007ffb21270000 - 0x00007ffb21395000 	C:\Windows\System32\RPCRT4.dll
0x00007ffb213a0000 - 0x00007ffb213a8000 	C:\Windows\System32\PSAPI.DLL
0x00007ffb1bcd0000 - 0x00007ffb1bcd9000 	C:\Windows\SYSTEM32\WSOCK32.dll
0x00007ffb0c200000 - 0x00007ffb0c227000 	C:\Windows\SYSTEM32\WINMM.dll
0x00007ffb20500000 - 0x00007ffb2056b000 	C:\Windows\System32\WS2_32.dll
0x00007ffb18210000 - 0x00007ffb1821a000 	C:\Windows\SYSTEM32\VERSION.dll
0x00007ffb1ccf0000 - 0x00007ffb1cd02000 	C:\Windows\SYSTEM32\kernel.appcore.dll
0x00007ffb1b7e0000 - 0x00007ffb1b7ea000 	C:\Users\usuario\.jdks\corretto-16.0.2\bin\jimage.dll
0x00007ffb1e420000 - 0x00007ffb1e604000 	C:\Windows\SYSTEM32\DBGHELP.DLL
0x00007ffb1e3f0000 - 0x00007ffb1e41c000 	C:\Windows\SYSTEM32\dbgcore.DLL
0x00007ffb1ee70000 - 0x00007ffb1eef2000 	C:\Windows\System32\bcryptPrimitives.dll
0x00007ffb16da0000 - 0x00007ffb16dae000 	C:\Users\usuario\.jdks\corretto-16.0.2\bin\instrument.dll
0x00007ffafc1e0000 - 0x00007ffafc205000 	C:\Users\usuario\.jdks\corretto-16.0.2\bin\java.dll

dbghelp: loaded successfully - version: 4.0.5 - missing functions: none
symbol engine: initialized successfully - sym options: 0x614 - pdb path: .;C:\Users\usuario\.jdks\corretto-16.0.2\bin;C:\Windows\SYSTEM32;C:\Windows\WinSxS\amd64_microsoft.windows.common-controls_6595b64144ccf1df_6.0.19041.1110_none_60b5254171f9507e;C:\Users\usuario\.jdks\corretto-16.0.2\bin\server

VM Arguments:
jvm_args: -javaagent:C:\Program Files\JetBrains\IntelliJ IDEA Community Edition 2021.3.2\lib\idea_rt.jar=58629:C:\Program Files\JetBrains\IntelliJ IDEA Community Edition 2021.3.2\bin -Dfile.encoding=UTF-8 
java_command: Exercicio2Kt
java_class_path (initial): C:\Users\usuario\Desktop\Atvidade\build\classes\kotlin\main;C:\Users\usuario\.gradle\caches\modules-2\files-2.1\org.jetbrains.kotlin\kotlin-stdlib-jdk8\1.6.10\e80fe6ac3c3573a80305f5ec43f86b829e8ab53d\kotlin-stdlib-jdk8-1.6.10.jar;C:\Users\usuario\.gradle\caches\modules-2\files-2.1\org.jetbrains.kotlin\kotlin-stdlib-jdk7\1.6.10\e1c380673654a089c4f0c9f83d0ddfdc1efdb498\kotlin-stdlib-jdk7-1.6.10.jar;C:\Users\usuario\.gradle\caches\modules-2\files-2.1\org.jetbrains.kotlin\kotlin-stdlib\1.6.10\b8af3fe6f1ca88526914929add63cf5e7c5049af\kotlin-stdlib-1.6.10.jar;C:\Users\usuario\.gradle\caches\modules-2\files-2.1\org.jetbrains\annotations\13.0\919f0dfe192fb4e063e7dacadee7f8bb9a2672a9\annotations-13.0.jar;C:\Users\usuario\.gradle\caches\modules-2\files-2.1\org.jetbrains.kotlin\kotlin-stdlib-common\1.6.10\c118700e3a33c8a0d9adc920e9dec0831171925\kotlin-stdlib-common-1.6.10.jar
Launcher Type: SUN_STANDARD

[Global flags]
     intx CICompilerCount                          = 3                                         {product} {ergonomic}
     uint ConcGCThreads                            = 1                                         {product} {ergonomic}
     uint G1ConcRefinementThreads                  = 4                                         {product} {ergonomic}
   size_t G1HeapRegionSize                         = 1048576                                   {product} {ergonomic}
    uintx GCDrainStackTargetSize                   = 64                                        {product} {ergonomic}
   size_t InitialHeapSize                          = 132120576                                 {product} {ergonomic}
   size_t MarkStackSize                            = 4194304                                   {product} {ergonomic}
   size_t MaxHeapSize                              = 2111832064                                {product} {ergonomic}
   size_t MinHeapDeltaBytes                        = 1048576                                   {product} {ergonomic}
   size_t MinHeapSize                              = 8388608                                   {product} {ergonomic}
    uintx NonNMethodCodeHeapSize                   = 5832780                                {pd product} {ergonomic}
    uintx NonProfiledCodeHeapSize                  = 122912730                              {pd product} {ergonomic}
    uintx ProfiledCodeHeapSize                     = 122912730                              {pd product} {ergonomic}
    uintx ReservedCodeCacheSize                    = 251658240                              {pd product} {ergonomic}
     bool SegmentedCodeCache                       = true                                      {product} {ergonomic}
   size_t SoftMaxHeapSize                          = 2111832064                             {manageable} {ergonomic}
     bool UseCompressedClassPointers               = true                           {product lp64_product} {ergonomic}
     bool UseCompressedOops                        = true                           {product lp64_product} {ergonomic}
     bool UseG1GC                                  = true                                      {product} {ergonomic}
     bool UseLargePagesIndividualAllocation        = false                                  {pd product} {ergonomic}

Logging:
Log output configuration:
 #0: stdout all=warning uptime,level,tags
 #1: stderr all=off uptime,level,tags

Environment Variables:
JAVA_HOME=C:\Progra~1\Java\jdk-11.0.12\
PATH=C:\Program Files\Graalvm\graalvm-ce-java11-21.3.0\bin;C:\Program Files\Java\jdk-11.0.12\bin;C:\Program Files\Common Files\Oracle\Java\javapath;C:\Program Files (x86)\Common Files\Oracle\Java\javapath;C:\Windows\system32;C:\Windows;C:\Windows\System32\Wbem;C:\Windows\System32\WindowsPowerShell\v1.0\;C:\Windows\System32\OpenSSH\;C:\Program Files (x86)\dotnet\;C:\Program Files\Git\cmd;C:\Program Files (x86)\Intel\Intel(R) Management Engine Components\DAL;C:\Program Files\Intel\Intel(R) Management Engine Components\DAL;C:\Program Files\nodejs\;C:\ProgramData\UNIVALI\Portugol Studio;C:\Users\usuario\AppData\Local\Microsoft\WindowsApps;C:\Users\usuario\AppData\Roaming\npm
USERNAME=Usuário
OS=Windows_NT
PROCESSOR_IDENTIFIER=Intel64 Family 6 Model 142 Stepping 9, GenuineIntel



---------------  S Y S T E M  ---------------

OS:
 Windows 10 , 64 bit Build 19041 (10.0.19041.1503)
OS uptime: 1 days 7:09 hours
Hyper-V role detected

CPU: total 4 (initial active 4) (2 cores per cpu, 2 threads per core) family 6 model 142 stepping 9 microcode 0xde, cx8, cmov, fxsr, ht, mmx, 3dnowpref, sse, sse2, sse3, ssse3, sse4.1, sse4.2, popcnt, lzcnt, tsc, tscinvbit, avx, avx2, aes, erms, clmul, bmi1, bmi2, adx, fma, vzeroupper, clflush, clflushopt, hv

Memory: 4k page, system-wide physical 8053M (885M free)
TotalPageFile size 12149M (AvailPageFile size 74M)
current process WorkingSet (physical memory assigned to process): 10M, peak: 10M
current process commit charge ("private bytes"): 51M, peak: 177M

vm_info: OpenJDK 64-Bit Server VM (16.0.2+7) for windows-amd64 JRE (16.0.2+7), built on Jul 22 2021 01:11:46 by "Administrator" with MS VC++ 15.9 (VS2017)

END.
